<?xml version="1.0" encoding="UTF-8"?>
<!-- Generated by org.testng.reporters.JUnitReportReporter -->
<testsuite hostname="DESKTOP-TIJCAM4" failures="0" tests="1" name="com.sauceDemo.swaglabs.Login" time="93.509" errors="0" timestamp="2023-09-11T23:36:17 IST" skipped="0">
  <testcase classname="com.sauceDemo.swaglabs.Login" name="login" time="93.509"/>
  <system-out/>
</testsuite> <!-- com.sauceDemo.swaglabs.Login -->
