<?xml version="1.0" encoding="UTF-8"?>
<!-- Generated by org.testng.reporters.JUnitReportReporter -->
<testsuite hostname="DESKTOP-TIJCAM4" failures="0" tests="1" name="com.seleniumdemo.GoogleAutoPopulating.GoogleSearchBar" time="36.953" errors="0" timestamp="2023-12-10T12:10:23 IST" skipped="0">
  <testcase classname="com.seleniumdemo.GoogleAutoPopulating.GoogleSearchBar" name="searchBar" time="36.953"/>
  <system-out/>
</testsuite> <!-- com.seleniumdemo.GoogleAutoPopulating.GoogleSearchBar -->
