<?xml version="1.0" encoding="UTF-8"?>
<!-- Generated by org.testng.reporters.JUnitReportReporter -->
<testsuite hostname="DESKTOP-TIJCAM4" failures="0" tests="1" name="com.seleniumdemo.lambdatest.seleniumTestInCloud" time="21.094" errors="0" timestamp="2023-08-25T23:52:49 IST" skipped="0">
  <testcase classname="com.seleniumdemo.lambdatest.seleniumTestInCloud" name="myTest" time="21.094"/>
  <system-out/>
</testsuite> <!-- com.seleniumdemo.lambdatest.seleniumTestInCloud -->
